2013-12-25 15:20:28,807 INFO  Ramon-PC-0 : The Grinder version 3.11
2013-12-25 15:20:28,814 INFO  Ramon-PC-0 : Java(TM) SE Runtime Environment 1.6.0_41-b02: Java HotSpot(TM) 64-Bit Server VM (20.14-b01, mixed mode) on Windows 7 amd64 6.1
2013-12-25 15:20:28,824 INFO  Ramon-PC-0 : time zone is CST (+0800)
2013-12-25 15:20:28,909 INFO  Ramon-PC-0 : worker process 0
2013-12-25 15:20:28,961 INFO  Ramon-PC-0 : instrumentation agents: byte code transforming instrumenter for Jython 2.5; byte code transforming instrumenter for Java
2013-12-25 15:20:29,728 INFO  Ramon-PC-0 : running "..\src\groovy\igpe_sale_SE.groovy" using GroovyScriptEngine running with groovy version: 2.0.5
2013-12-25 15:20:29,740 INFO  Ramon-PC-0 thread-0: starting, will do 1 run
2013-12-25 15:20:29,741 INFO  Ramon-PC-0 : start time is 1387956029740 ms since Epoch
2013-12-25 15:21:00,314 INFO  Ramon-PC-0 thread-0: finished 1 run
2013-12-25 15:21:00,316 INFO  Ramon-PC-0 : elapsed time is 30574 ms
2013-12-25 15:21:00,316 INFO  Ramon-PC-0 : Final statistics for this process:
2013-12-25 15:21:00,323 INFO  Ramon-PC-0 : 
             Tests        Errors       Mean Test    Test Time    TPS          
                                       Time (ms)    Standard                  
                                                    Deviation                 
                                                    (ms)                      

Test 2       1            0            30459.00     0.00         0.03          "IGPE Sale"

Totals       1            0            30459.00     0.00         0.03         

  Tests resulting in error only contribute to the Errors column.          
  Statistics for individual tests can be found in the data file, including
  (possibly incomplete) statistics for erroneous tests. Composite tests   
  are marked with () and not included in the totals.                      

